<?xml version="1.0" encoding="UTF-8"?>
<testsuite xmlns:xsi="http://www.w3.org/2001/XMLSchema-instance" xsi:noNamespaceSchemaLocation="https://maven.apache.org/surefire/maven-surefire-plugin/xsd/surefire-test-report-3.0.xsd" version="3.0" name="com.example.FelineTest" time="0.07" tests="6" errors="0" skipped="0" failures="0">
  <properties>
[...]
</properties>
  <testcase name="GetKittensIntCountKittensTest(int, int)[1]" classname="com.example.FelineTest" time="0.024"/>
  <testcase name="GetKittensIntCountKittensTest(int, int)[2]" classname="com.example.FelineTest" time="0.001"/>
  <testcase name="GetKittensIntCountKittensTest(int, int)[3]" classname="com.example.FelineTest" time="0.001"/>
  <testcase name="getFamilyTest" classname="com.example.FelineTest" time="0.0"/>
  <testcase name="eatMeatTest" classname="com.example.FelineTest" time="0.001"/>
  <testcase name="getKittensOneKittenTest" classname="com.example.FelineTest" time="0.001"/>
</testsuite>